  Game.cpp
C:\Users\zycov\OneDrive\Desktop\c++ files\projectcs mcvs\Zombie2Dshooter\Game.cpp(21,44): warning C4244: =: преобразование "unsigned int" в "T", возможна потеря данных
C:\Users\zycov\OneDrive\Desktop\c++ files\projectcs mcvs\Zombie2Dshooter\Game.cpp(21,44): warning C4244:         with
C:\Users\zycov\OneDrive\Desktop\c++ files\projectcs mcvs\Zombie2Dshooter\Game.cpp(21,44): warning C4244:         [
C:\Users\zycov\OneDrive\Desktop\c++ files\projectcs mcvs\Zombie2Dshooter\Game.cpp(21,44): warning C4244:             T=float
C:\Users\zycov\OneDrive\Desktop\c++ files\projectcs mcvs\Zombie2Dshooter\Game.cpp(21,44): warning C4244:         ]
C:\Users\zycov\OneDrive\Desktop\c++ files\projectcs mcvs\Zombie2Dshooter\Game.cpp(22,44): warning C4244: =: преобразование "unsigned int" в "T", возможна потеря данных
C:\Users\zycov\OneDrive\Desktop\c++ files\projectcs mcvs\Zombie2Dshooter\Game.cpp(22,44): warning C4244:         with
C:\Users\zycov\OneDrive\Desktop\c++ files\projectcs mcvs\Zombie2Dshooter\Game.cpp(22,44): warning C4244:         [
C:\Users\zycov\OneDrive\Desktop\c++ files\projectcs mcvs\Zombie2Dshooter\Game.cpp(22,44): warning C4244:             T=float
C:\Users\zycov\OneDrive\Desktop\c++ files\projectcs mcvs\Zombie2Dshooter\Game.cpp(22,44): warning C4244:         ]
C:\Users\zycov\OneDrive\Desktop\c++ files\projectcs mcvs\Zombie2Dshooter\Game.cpp(25,56): warning C4244: аргумент: преобразование "T" в "unsigned int", возможна потеря данных
C:\Users\zycov\OneDrive\Desktop\c++ files\projectcs mcvs\Zombie2Dshooter\Game.cpp(25,56): warning C4244:         with
C:\Users\zycov\OneDrive\Desktop\c++ files\projectcs mcvs\Zombie2Dshooter\Game.cpp(25,56): warning C4244:         [
C:\Users\zycov\OneDrive\Desktop\c++ files\projectcs mcvs\Zombie2Dshooter\Game.cpp(25,56): warning C4244:             T=float
C:\Users\zycov\OneDrive\Desktop\c++ files\projectcs mcvs\Zombie2Dshooter\Game.cpp(25,56): warning C4244:         ]
C:\Users\zycov\OneDrive\Desktop\c++ files\projectcs mcvs\Zombie2Dshooter\Game.cpp(25,42): warning C4244: аргумент: преобразование "T" в "unsigned int", возможна потеря данных
C:\Users\zycov\OneDrive\Desktop\c++ files\projectcs mcvs\Zombie2Dshooter\Game.cpp(25,42): warning C4244:         with
C:\Users\zycov\OneDrive\Desktop\c++ files\projectcs mcvs\Zombie2Dshooter\Game.cpp(25,42): warning C4244:         [
C:\Users\zycov\OneDrive\Desktop\c++ files\projectcs mcvs\Zombie2Dshooter\Game.cpp(25,42): warning C4244:             T=float
C:\Users\zycov\OneDrive\Desktop\c++ files\projectcs mcvs\Zombie2Dshooter\Game.cpp(25,42): warning C4244:         ]
C:\Users\zycov\OneDrive\Desktop\c++ files\projectcs mcvs\Zombie2Dshooter\Game.cpp(198,11): warning C4553: "==": результат выражения не используется; вы хотели использовать "="?
C:\Users\zycov\OneDrive\Desktop\c++ files\projectcs mcvs\Zombie2Dshooter\Game.cpp(201,11): warning C4553: "==": результат выражения не используется; вы хотели использовать "="?
C:\Users\zycov\OneDrive\Desktop\c++ files\projectcs mcvs\Zombie2Dshooter\Game.cpp(204,11): warning C4553: "==": результат выражения не используется; вы хотели использовать "="?
C:\Users\zycov\OneDrive\Desktop\c++ files\projectcs mcvs\Zombie2Dshooter\Game.cpp(207,11): warning C4553: "==": результат выражения не используется; вы хотели использовать "="?
  Player.cpp
C:\Users\zycov\OneDrive\Desktop\c++ files\projectcs mcvs\Zombie2Dshooter\Player.cpp(6,12): warning C4244: =: преобразование "const int" в "float", возможна потеря данных
C:\Users\zycov\OneDrive\Desktop\c++ files\projectcs mcvs\Zombie2Dshooter\Player.cpp(23,29): warning C4244: =: преобразование "int" в "T", возможна потеря данных
C:\Users\zycov\OneDrive\Desktop\c++ files\projectcs mcvs\Zombie2Dshooter\Player.cpp(23,29): warning C4244:         with
C:\Users\zycov\OneDrive\Desktop\c++ files\projectcs mcvs\Zombie2Dshooter\Player.cpp(23,29): warning C4244:         [
C:\Users\zycov\OneDrive\Desktop\c++ files\projectcs mcvs\Zombie2Dshooter\Player.cpp(23,29): warning C4244:             T=float
C:\Users\zycov\OneDrive\Desktop\c++ files\projectcs mcvs\Zombie2Dshooter\Player.cpp(23,29): warning C4244:         ]
C:\Users\zycov\OneDrive\Desktop\c++ files\projectcs mcvs\Zombie2Dshooter\Player.cpp(24,30): warning C4244: =: преобразование "int" в "T", возможна потеря данных
C:\Users\zycov\OneDrive\Desktop\c++ files\projectcs mcvs\Zombie2Dshooter\Player.cpp(24,30): warning C4244:         with
C:\Users\zycov\OneDrive\Desktop\c++ files\projectcs mcvs\Zombie2Dshooter\Player.cpp(24,30): warning C4244:         [
C:\Users\zycov\OneDrive\Desktop\c++ files\projectcs mcvs\Zombie2Dshooter\Player.cpp(24,30): warning C4244:             T=float
C:\Users\zycov\OneDrive\Desktop\c++ files\projectcs mcvs\Zombie2Dshooter\Player.cpp(24,30): warning C4244:         ]
C:\Users\zycov\OneDrive\Desktop\c++ files\projectcs mcvs\Zombie2Dshooter\Player.cpp(41,12): warning C4244: =: преобразование "const int" в "float", возможна потеря данных
C:\Users\zycov\OneDrive\Desktop\c++ files\projectcs mcvs\Zombie2Dshooter\Player.cpp(156,32): warning C4244: =: преобразование "int" в "T", возможна потеря данных
C:\Users\zycov\OneDrive\Desktop\c++ files\projectcs mcvs\Zombie2Dshooter\Player.cpp(156,32): warning C4244:         with
C:\Users\zycov\OneDrive\Desktop\c++ files\projectcs mcvs\Zombie2Dshooter\Player.cpp(156,32): warning C4244:         [
C:\Users\zycov\OneDrive\Desktop\c++ files\projectcs mcvs\Zombie2Dshooter\Player.cpp(156,32): warning C4244:             T=float
C:\Users\zycov\OneDrive\Desktop\c++ files\projectcs mcvs\Zombie2Dshooter\Player.cpp(156,32): warning C4244:         ]
C:\Users\zycov\OneDrive\Desktop\c++ files\projectcs mcvs\Zombie2Dshooter\Player.cpp(161,31): warning C4244: =: преобразование "int" в "T", возможна потеря данных
C:\Users\zycov\OneDrive\Desktop\c++ files\projectcs mcvs\Zombie2Dshooter\Player.cpp(161,31): warning C4244:         with
C:\Users\zycov\OneDrive\Desktop\c++ files\projectcs mcvs\Zombie2Dshooter\Player.cpp(161,31): warning C4244:         [
C:\Users\zycov\OneDrive\Desktop\c++ files\projectcs mcvs\Zombie2Dshooter\Player.cpp(161,31): warning C4244:             T=float
C:\Users\zycov\OneDrive\Desktop\c++ files\projectcs mcvs\Zombie2Dshooter\Player.cpp(161,31): warning C4244:         ]
C:\Users\zycov\OneDrive\Desktop\c++ files\projectcs mcvs\Zombie2Dshooter\Player.cpp(166,33): warning C4244: =: преобразование "int" в "T", возможна потеря данных
C:\Users\zycov\OneDrive\Desktop\c++ files\projectcs mcvs\Zombie2Dshooter\Player.cpp(166,33): warning C4244:         with
C:\Users\zycov\OneDrive\Desktop\c++ files\projectcs mcvs\Zombie2Dshooter\Player.cpp(166,33): warning C4244:         [
C:\Users\zycov\OneDrive\Desktop\c++ files\projectcs mcvs\Zombie2Dshooter\Player.cpp(166,33): warning C4244:             T=float
C:\Users\zycov\OneDrive\Desktop\c++ files\projectcs mcvs\Zombie2Dshooter\Player.cpp(166,33): warning C4244:         ]
C:\Users\zycov\OneDrive\Desktop\c++ files\projectcs mcvs\Zombie2Dshooter\Player.cpp(171,30): warning C4244: =: преобразование "int" в "T", возможна потеря данных
C:\Users\zycov\OneDrive\Desktop\c++ files\projectcs mcvs\Zombie2Dshooter\Player.cpp(171,30): warning C4244:         with
C:\Users\zycov\OneDrive\Desktop\c++ files\projectcs mcvs\Zombie2Dshooter\Player.cpp(171,30): warning C4244:         [
C:\Users\zycov\OneDrive\Desktop\c++ files\projectcs mcvs\Zombie2Dshooter\Player.cpp(171,30): warning C4244:             T=float
C:\Users\zycov\OneDrive\Desktop\c++ files\projectcs mcvs\Zombie2Dshooter\Player.cpp(171,30): warning C4244:         ]
C:\Users\zycov\OneDrive\Desktop\c++ files\projectcs mcvs\Zombie2Dshooter\Player.cpp(175,14): warning C4244: инициализация: преобразование "double" в "float", возможна потеря данных
C:\Users\zycov\OneDrive\Desktop\c++ files\projectcs mcvs\Zombie2Dshooter\Player.cpp(185,26): warning C4244: +=: преобразование "double" в "float", возможна потеря данных
C:\Users\zycov\OneDrive\Desktop\c++ files\projectcs mcvs\Zombie2Dshooter\Player.cpp(190,31): warning C4244: +=: преобразование "double" в "int", возможна потеря данных
  Создание кода...
  Zombie2Dshooter.vcxproj -> C:\Users\zycov\OneDrive\Desktop\c++ files\projectcs mcvs\Zombie2Dshooter\x64\Debug\Zombie2Dshooter.exe
